mode: set
_/Users/iMac03/Documents/workspace/leyra/gresh/configure.go:17.29,18.32 1 0
_/Users/iMac03/Documents/workspace/leyra/gresh/configure.go:24.2,24.13 1 0
_/Users/iMac03/Documents/workspace/leyra/gresh/configure.go:18.32,19.32 1 0
_/Users/iMac03/Documents/workspace/leyra/gresh/configure.go:19.32,22.4 2 0
_/Users/iMac03/Documents/workspace/leyra/gresh/configure.go:27.43,28.56 1 0
_/Users/iMac03/Documents/workspace/leyra/gresh/configure.go:31.2,31.14 1 0
_/Users/iMac03/Documents/workspace/leyra/gresh/configure.go:28.56,30.3 1 0
_/Users/iMac03/Documents/workspace/leyra/gresh/configure.go:50.25,52.16 2 0
_/Users/iMac03/Documents/workspace/leyra/gresh/configure.go:56.2,58.56 3 0
_/Users/iMac03/Documents/workspace/leyra/gresh/configure.go:62.2,68.39 3 0
_/Users/iMac03/Documents/workspace/leyra/gresh/configure.go:52.16,53.13 1 0
_/Users/iMac03/Documents/workspace/leyra/gresh/configure.go:58.56,59.13 1 0
_/Users/iMac03/Documents/workspace/leyra/gresh/gresh.go:10.13,18.33 4 0
_/Users/iMac03/Documents/workspace/leyra/gresh/gresh.go:51.2,51.18 1 0
_/Users/iMac03/Documents/workspace/leyra/gresh/gresh.go:18.33,19.27 1 0
_/Users/iMac03/Documents/workspace/leyra/gresh/gresh.go:24.5,31.97 8 0
_/Users/iMac03/Documents/workspace/leyra/gresh/gresh.go:19.27,23.6 3 0
_/Users/iMac03/Documents/workspace/leyra/gresh/gresh.go:37.33,38.34 1 0
_/Users/iMac03/Documents/workspace/leyra/gresh/gresh.go:47.5,47.55 1 0
_/Users/iMac03/Documents/workspace/leyra/gresh/gresh.go:38.34,41.6 2 0
_/Users/iMac03/Documents/workspace/leyra/gresh/leyra.go:23.35,28.2 4 1
_/Users/iMac03/Documents/workspace/leyra/gresh/leyra.go:30.28,39.16 6 1
_/Users/iMac03/Documents/workspace/leyra/gresh/leyra.go:44.2,47.16 3 1
_/Users/iMac03/Documents/workspace/leyra/gresh/leyra.go:52.2,55.16 3 1
_/Users/iMac03/Documents/workspace/leyra/gresh/leyra.go:60.2,60.26 1 1
_/Users/iMac03/Documents/workspace/leyra/gresh/leyra.go:39.16,42.3 2 0
_/Users/iMac03/Documents/workspace/leyra/gresh/leyra.go:47.16,50.3 2 0
_/Users/iMac03/Documents/workspace/leyra/gresh/leyra.go:55.16,58.3 2 0
_/Users/iMac03/Documents/workspace/leyra/gresh/leyra.go:63.24,65.16 2 1
_/Users/iMac03/Documents/workspace/leyra/gresh/leyra.go:69.2,71.39 2 1
_/Users/iMac03/Documents/workspace/leyra/gresh/leyra.go:103.2,103.25 1 1
_/Users/iMac03/Documents/workspace/leyra/gresh/leyra.go:65.16,68.3 2 0
_/Users/iMac03/Documents/workspace/leyra/gresh/leyra.go:71.39,73.17 2 1
_/Users/iMac03/Documents/workspace/leyra/gresh/leyra.go:78.3,82.27 3 1
_/Users/iMac03/Documents/workspace/leyra/gresh/leyra.go:73.17,76.4 2 0
_/Users/iMac03/Documents/workspace/leyra/gresh/leyra.go:82.27,84.4 1 1
_/Users/iMac03/Documents/workspace/leyra/gresh/leyra.go:84.4,87.18 2 1
_/Users/iMac03/Documents/workspace/leyra/gresh/leyra.go:92.4,94.52 2 1
_/Users/iMac03/Documents/workspace/leyra/gresh/leyra.go:99.4,100.48 2 1
_/Users/iMac03/Documents/workspace/leyra/gresh/leyra.go:87.18,90.5 2 0
_/Users/iMac03/Documents/workspace/leyra/gresh/leyra.go:94.52,97.5 2 0
_/Users/iMac03/Documents/workspace/leyra/gresh/leyra.go:106.36,108.2 1 1
_/Users/iMac03/Documents/workspace/leyra/gresh/leyra.go:110.48,113.2 2 1
_/Users/iMac03/Documents/workspace/leyra/gresh/util.go:8.43,10.16 2 0
_/Users/iMac03/Documents/workspace/leyra/gresh/util.go:14.2,16.16 3 0
_/Users/iMac03/Documents/workspace/leyra/gresh/util.go:20.2,20.12 1 0
_/Users/iMac03/Documents/workspace/leyra/gresh/util.go:10.16,11.13 1 0
_/Users/iMac03/Documents/workspace/leyra/gresh/util.go:16.16,17.13 1 0
